<?xml version="1.0" encoding="UTF-8"?>
<coverage generated="1522713832734" clover="3.2.0">
  <project timestamp="1522713832734" name="All files">
    <metrics statements="57" coveredstatements="54" conditionals="30" coveredconditionals="25" methods="20" coveredmethods="17" elements="107" coveredelements="96" complexity="0" loc="57" ncloc="57" packages="1" files="1" classes="1">
      <file name="main.js" path="/Users/joel-brubaker/Code/app-service-container/src/main.js">
        <metrics statements="57" coveredstatements="54" conditionals="30" coveredconditionals="25" methods="20" coveredmethods="17"/>
        <line num="1" count="1" type="stmt"/>
        <line num="7" count="5" type="stmt"/>
        <line num="14" count="5" type="stmt"/>
        <line num="19" count="5" type="stmt"/>
        <line num="25" count="5" type="stmt"/>
        <line num="31" count="5" type="stmt"/>
        <line num="36" count="5" type="stmt"/>
        <line num="38" count="5" type="stmt"/>
        <line num="49" count="4" type="stmt"/>
        <line num="59" count="116" type="cond" truecount="1" falsecount="1"/>
        <line num="60" count="0" type="stmt"/>
        <line num="63" count="116" type="cond" truecount="2" falsecount="0"/>
        <line num="64" count="107" type="stmt"/>
        <line num="67" count="9" type="stmt"/>
        <line num="77" count="9" type="stmt"/>
        <line num="83" count="9" type="stmt"/>
        <line num="84" count="9" type="stmt"/>
        <line num="85" count="9" type="stmt"/>
        <line num="87" count="9" type="stmt"/>
        <line num="89" count="2" type="stmt"/>
        <line num="100" count="4" type="cond" truecount="2" falsecount="0"/>
        <line num="101" count="1" type="stmt"/>
        <line num="104" count="4" type="stmt"/>
        <line num="113" count="2" type="cond" truecount="1" falsecount="1"/>
        <line num="114" count="2" type="stmt"/>
        <line num="117" count="2" type="stmt"/>
        <line num="118" count="2" type="stmt"/>
        <line num="131" count="2" type="cond" truecount="2" falsecount="0"/>
        <line num="132" count="1" type="stmt"/>
        <line num="135" count="2" type="cond" truecount="1" falsecount="1"/>
        <line num="136" count="0" type="stmt"/>
        <line num="139" count="2" type="stmt"/>
        <line num="151" count="11" type="cond" truecount="2" falsecount="0"/>
        <line num="152" count="1" type="stmt"/>
        <line num="155" count="10" type="cond" truecount="2" falsecount="0"/>
        <line num="156" count="9" type="stmt"/>
        <line num="159" count="10" type="stmt"/>
        <line num="167" count="1" type="stmt"/>
        <line num="168" count="2" type="stmt"/>
        <line num="171" count="1" type="stmt"/>
        <line num="179" count="13" type="stmt"/>
        <line num="188" count="28" type="cond" truecount="2" falsecount="0"/>
        <line num="189" count="3" type="stmt"/>
        <line num="192" count="25" type="stmt"/>
        <line num="201" count="38" type="stmt"/>
        <line num="212" count="9" type="stmt"/>
        <line num="214" count="9" type="stmt"/>
        <line num="216" count="9" type="stmt"/>
        <line num="218" count="9" type="stmt"/>
        <line num="226" count="9" type="stmt"/>
        <line num="228" count="9" type="cond" truecount="1" falsecount="1"/>
        <line num="229" count="0" type="stmt"/>
        <line num="234" count="9" type="cond" truecount="1" falsecount="1"/>
        <line num="236" count="9" type="stmt"/>
        <line num="237" count="4" type="stmt"/>
        <line num="240" count="9" type="stmt"/>
        <line num="242" count="9" type="cond" truecount="2" falsecount="0"/>
      </file>
    </metrics>
  </project>
</coverage>
