{"/Users/joel-brubaker/Code/app-service-container/src/main.js": {"path":"/Users/joel-brubaker/Code/app-service-container/src/main.js","statementMap":{"0":{"start":{"line":1,"column":0},"end":{"line":null,"column":-1}},"1":{"start":{"line":6,"column":4},"end":{"line":null,"column":-1}},"2":{"start":{"line":7,"column":4},"end":{"line":null,"column":-1}},"3":{"start":{"line":8,"column":4},"end":{"line":null,"column":-1}},"4":{"start":{"line":10,"column":4},"end":{"line":null,"column":-1}},"5":{"start":{"line":21,"column":4},"end":{"line":null,"column":-1}},"6":{"start":{"line":31,"column":4},"end":{"line":null,"column":-1}},"7":{"start":{"line":42,"column":8},"end":{"line":null,"column":-1}},"8":{"start":{"line":44,"column":8},"end":{"line":31,"column":4}},"9":{"start":{"line":54,"column":4},"end":{"line":58,"column":5}},"10":{"start":{"line":55,"column":6},"end":{"line":null,"column":-1}},"11":{"start":{"line":60,"column":4},"end":{"line":null,"column":-1}},"12":{"start":{"line":70,"column":4},"end":{"line":null,"column":-1}},"13":{"start":{"line":79,"column":4},"end":{"line":null,"column":-1}},"14":{"start":{"line":88,"column":4},"end":{"line":94,"column":5}},"15":{"start":{"line":89,"column":6},"end":{"line":null,"column":-1}},"16":{"start":{"line":90,"column":8},"end":{"line":null,"column":-1}},"17":{"start":{"line":93,"column":6},"end":{"line":null,"column":-1}},"18":{"start":{"line":96,"column":4},"end":{"line":98,"column":5}},"19":{"start":{"line":97,"column":6},"end":{"line":null,"column":-1}},"20":{"start":{"line":100,"column":4},"end":{"line":null,"column":-1}},"21":{"start":{"line":110,"column":4},"end":{"line":null,"column":-1}},"22":{"start":{"line":120,"column":4},"end":{"line":null,"column":-1}},"23":{"start":{"line":131,"column":4},"end":{"line":133,"column":5}},"24":{"start":{"line":132,"column":6},"end":{"line":null,"column":-1}},"25":{"start":{"line":135,"column":21},"end":{"line":135,"column":4}},"26":{"start":{"line":137,"column":4},"end":{"line":141,"column":5}},"27":{"start":{"line":138,"column":6},"end":{"line":null,"column":-1}},"28":{"start":{"line":143,"column":19},"end":{"line":143,"column":4}},"29":{"start":{"line":144,"column":20},"end":{"line":144,"column":4}},"30":{"start":{"line":146,"column":4},"end":{"line":null,"column":-1}},"31":{"start":{"line":146,"column":61},"end":{"line":146,"column":4}},"32":{"start":{"line":148,"column":4},"end":{"line":null,"column":-1}},"33":{"start":{"line":150,"column":4},"end":{"line":null,"column":-1}},"34":{"start":{"line":159,"column":4},"end":{"line":161,"column":5}},"35":{"start":{"line":160,"column":6},"end":{"line":null,"column":-1}},"36":{"start":{"line":163,"column":4},"end":{"line":null,"column":-1}}},"fnMap":{"0":{"name":"(anonymous_0)","decl":{"start":{"line":5,"column":2},"end":{"line":5,"column":15}},"loc":{"start":{"line":5,"column":16},"end":{"line":11,"column":3}}},"1":{"name":"(anonymous_1)","decl":{"start":{"line":10,"column":21},"end":{"line":10,"column":26}},"loc":{"start":{"line":10,"column":27},"end":{"line":10,"column":11}}},"2":{"name":"(anonymous_2)","decl":{"start":{"line":20,"column":2},"end":{"line":20,"column":7}},"loc":{"start":{"line":20,"column":40},"end":{"line":22,"column":3}}},"3":{"name":"(anonymous_3)","decl":{"start":{"line":30,"column":2},"end":{"line":30,"column":5}},"loc":{"start":{"line":30,"column":30},"end":{"line":46,"column":3}}},"4":{"name":"(anonymous_4)","decl":{"start":{"line":53,"column":2},"end":{"line":53,"column":20}},"loc":{"start":{"line":53,"column":27},"end":{"line":61,"column":3}}},"5":{"name":"(anonymous_5)","decl":{"start":{"line":69,"column":2},"end":{"line":69,"column":5}},"loc":{"start":{"line":69,"column":27},"end":{"line":71,"column":3}}},"6":{"name":"(anonymous_6)","decl":{"start":{"line":78,"column":2},"end":{"line":78,"column":12}},"loc":{"start":{"line":78,"column":19},"end":{"line":80,"column":3}}},"7":{"name":"(anonymous_7)","decl":{"start":{"line":87,"column":2},"end":{"line":87,"column":10}},"loc":{"start":{"line":87,"column":27},"end":{"line":101,"column":3}}},"8":{"name":"(anonymous_8)","decl":{"start":{"line":89,"column":32},"end":{"line":89,"column":38}},"loc":{"start":{"line":89,"column":39},"end":{"line":89,"column":6}}},"9":{"name":"(anonymous_9)","decl":{"start":{"line":109,"column":2},"end":{"line":109,"column":17}},"loc":{"start":{"line":109,"column":33},"end":{"line":111,"column":3}}},"10":{"name":"(anonymous_10)","decl":{"start":{"line":119,"column":2},"end":{"line":119,"column":22}},"loc":{"start":{"line":119,"column":39},"end":{"line":121,"column":3}}},"11":{"name":"(anonymous_11)","decl":{"start":{"line":130,"column":2},"end":{"line":130,"column":7}},"loc":{"start":{"line":130,"column":34},"end":{"line":151,"column":3}}},"12":{"name":"(anonymous_12)","decl":{"start":{"line":146,"column":49},"end":{"line":146,"column":60}},"loc":{"start":{"line":146,"column":61},"end":{"line":146,"column":4}}},"13":{"name":"(anonymous_13)","decl":{"start":{"line":158,"column":2},"end":{"line":158,"column":10}},"loc":{"start":{"line":158,"column":27},"end":{"line":1,"column":33}}}},"branchMap":{"0":{"loc":{"start":{"line":32,"column":6},"end":{"line":null,"column":-1}},"type":"switch","locations":[{"start":{"line":32,"column":6},"end":{"line":null,"column":-1}},{"start":{"line":33,"column":6},"end":{"line":null,"column":-1}},{"start":{"line":34,"column":6},"end":{"line":null,"column":-1}},{"start":{"line":35,"column":6},"end":{"line":null,"column":-1}},{"start":{"line":36,"column":6},"end":{"line":null,"column":-1}},{"start":{"line":37,"column":6},"end":{"line":null,"column":-1}},{"start":{"line":38,"column":6},"end":{"line":null,"column":-1}},{"start":{"line":39,"column":6},"end":{"line":null,"column":-1}},{"start":{"line":40,"column":6},"end":{"line":null,"column":-1}},{"start":{"line":41,"column":6},"end":{"line":42,"column":8}},{"start":{"line":43,"column":6},"end":{"line":31,"column":4}}]},"1":{"loc":{"start":{"line":54,"column":4},"end":{"line":58,"column":5}},"type":"if","locations":[{"start":{"line":54,"column":4},"end":{"line":58,"column":5}},{"start":{"line":54,"column":4},"end":{"line":58,"column":5}}]},"2":{"loc":{"start":{"line":88,"column":4},"end":{"line":94,"column":5}},"type":"if","locations":[{"start":{"line":88,"column":4},"end":{"line":94,"column":5}},{"start":{"line":88,"column":4},"end":{"line":94,"column":5}}]},"3":{"loc":{"start":{"line":96,"column":4},"end":{"line":98,"column":5}},"type":"if","locations":[{"start":{"line":96,"column":4},"end":{"line":98,"column":5}},{"start":{"line":96,"column":4},"end":{"line":98,"column":5}}]},"4":{"loc":{"start":{"line":131,"column":4},"end":{"line":133,"column":5}},"type":"if","locations":[{"start":{"line":131,"column":4},"end":{"line":133,"column":5}},{"start":{"line":131,"column":4},"end":{"line":133,"column":5}}]},"5":{"loc":{"start":{"line":137,"column":4},"end":{"line":141,"column":5}},"type":"if","locations":[{"start":{"line":137,"column":4},"end":{"line":141,"column":5}},{"start":{"line":137,"column":4},"end":{"line":141,"column":5}}]},"6":{"loc":{"start":{"line":144,"column":20},"end":{"line":144,"column":19}},"type":"binary-expr","locations":[{"start":{"line":144,"column":20},"end":{"line":144,"column":19}},{"start":{"line":144,"column":38},"end":{"line":144,"column":4}}]},"7":{"loc":{"start":{"line":146,"column":5},"end":{"line":146,"column":36}},"type":"binary-expr","locations":[{"start":{"line":146,"column":5},"end":{"line":146,"column":36}},{"start":{"line":146,"column":37},"end":{"line":146,"column":4}}]},"8":{"loc":{"start":{"line":159,"column":4},"end":{"line":161,"column":5}},"type":"if","locations":[{"start":{"line":159,"column":4},"end":{"line":161,"column":5}},{"start":{"line":159,"column":4},"end":{"line":161,"column":5}}]}},"s":{"0":0,"1":0,"2":0,"3":0,"4":0,"5":0,"6":0,"7":0,"8":0,"9":0,"10":0,"11":0,"12":0,"13":0,"14":0,"15":0,"16":0,"17":0,"18":0,"19":0,"20":0,"21":0,"22":0,"23":0,"24":0,"25":0,"26":0,"27":0,"28":0,"29":0,"30":0,"31":0,"32":0,"33":0,"34":0,"35":0,"36":0},"f":{"0":0,"1":0,"2":0,"3":0,"4":0,"5":0,"6":0,"7":0,"8":0,"9":0,"10":0,"11":0,"12":0,"13":0},"b":{"0":[0,0,0,0,0,0,0,0,0,0,0],"1":[0,0],"2":[0,0],"3":[0,0],"4":[0,0],"5":[0,0],"6":[0,0],"7":[0,0],"8":[0,0]}}
}
