TN:
SF:/Users/joel-brubaker/Code/app-service-container/src/main.js
FN:6,(anonymous_0)
FN:38,(anonymous_1)
FN:48,(anonymous_2)
FN:58,(anonymous_3)
FN:76,(anonymous_4)
FN:88,(anonymous_5)
FN:99,(anonymous_6)
FN:112,(anonymous_7)
FN:117,(anonymous_8)
FN:130,(anonymous_9)
FN:150,(anonymous_10)
FN:166,(anonymous_11)
FN:178,(anonymous_12)
FN:187,(anonymous_13)
FN:200,(anonymous_14)
FN:211,(anonymous_15)
FN:216,(anonymous_16)
FN:216,(anonymous_17)
FN:225,(anonymous_18)
FN:240,(anonymous_19)
FNF:20
FNH:17
FNDA:5,(anonymous_0)
FNDA:0,(anonymous_1)
FNDA:4,(anonymous_2)
FNDA:116,(anonymous_3)
FNDA:9,(anonymous_4)
FNDA:2,(anonymous_5)
FNDA:4,(anonymous_6)
FNDA:2,(anonymous_7)
FNDA:2,(anonymous_8)
FNDA:2,(anonymous_9)
FNDA:11,(anonymous_10)
FNDA:1,(anonymous_11)
FNDA:13,(anonymous_12)
FNDA:28,(anonymous_13)
FNDA:38,(anonymous_14)
FNDA:9,(anonymous_15)
FNDA:3,(anonymous_16)
FNDA:0,(anonymous_17)
FNDA:9,(anonymous_18)
FNDA:0,(anonymous_19)
DA:1,1
DA:7,5
DA:14,5
DA:19,5
DA:25,5
DA:31,5
DA:36,5
DA:38,5
DA:49,4
DA:59,116
DA:60,0
DA:63,116
DA:64,107
DA:67,9
DA:77,9
DA:83,9
DA:84,9
DA:85,9
DA:87,9
DA:89,2
DA:100,4
DA:101,1
DA:104,4
DA:113,2
DA:114,2
DA:117,2
DA:118,2
DA:131,2
DA:132,1
DA:135,2
DA:136,0
DA:139,2
DA:151,11
DA:152,1
DA:155,10
DA:156,9
DA:159,10
DA:167,1
DA:168,2
DA:171,1
DA:179,13
DA:188,28
DA:189,3
DA:192,25
DA:201,38
DA:212,9
DA:214,9
DA:216,9
DA:218,9
DA:226,9
DA:228,9
DA:229,0
DA:234,9
DA:236,9
DA:237,4
DA:240,9
DA:242,9
LF:57
LH:54
BRDA:6,0,0,5
BRDA:59,1,0,0
BRDA:59,1,1,116
BRDA:63,2,0,107
BRDA:63,2,1,9
BRDA:76,3,0,6
BRDA:79,4,0,3
BRDA:79,4,1,6
BRDA:80,5,0,3
BRDA:80,5,1,6
BRDA:100,6,0,1
BRDA:100,6,1,3
BRDA:113,7,0,2
BRDA:113,7,1,0
BRDA:131,8,0,1
BRDA:131,8,1,1
BRDA:135,9,0,0
BRDA:135,9,1,2
BRDA:151,10,0,1
BRDA:151,10,1,10
BRDA:155,11,0,9
BRDA:155,11,1,1
BRDA:188,12,0,3
BRDA:188,12,1,25
BRDA:228,13,0,0
BRDA:228,13,1,9
BRDA:234,14,0,9
BRDA:234,14,1,0
BRDA:242,15,0,9
BRDA:242,15,1,9
BRF:30
BRH:25
end_of_record
